<?xml version="1.0" encoding="UTF-8"?>
<!-- Generated by org.testng.reporters.JUnitXMLReporter -->
<testsuite ignored="0" hostname="MCKL-7604-T" failures="1" tests="6" name="Personal Test" time="0.173" errors="0" timestamp="2023-11-26T11:22:37 IST">
  <testcase classname="testNGExamples.TestingPersonalLoan" name="MobileLoginPersonalLoan" time="0.0">
    <failure type="org.testng.TestNGException" message="
Parameter &amp;apos;url&amp;apos; is required by @Test on method MobileLoginPersonalLoan but has not been marked @Optional or defined
in D:\java spring learning\RahulshettySelenium\testng.xml">
      <![CDATA[org.testng.TestNGException: 
Parameter 'url' is required by @Test on method MobileLoginPersonalLoan but has not been marked @Optional or defined
in D:\java spring learning\RahulshettySelenium\testng.xml
at java.base/java.util.ArrayList.forEach(ArrayList.java:1511)
at java.base/java.util.concurrent.FutureTask.run(FutureTask.java:264)
at java.base/java.util.concurrent.ThreadPoolExecutor.runWorker(ThreadPoolExecutor.java:1136)
at java.base/java.util.concurrent.ThreadPoolExecutor$Worker.run(ThreadPoolExecutor.java:635)
at java.base/java.lang.Thread.run(Thread.java:833)
... Removed 16 stack frames]]>
    </failure>
  </testcase> <!-- MobileLoginPersonalLoan -->
  <testcase classname="testNGExamples.TestingPersonalLoan" name="MobileNagivatetoDashboardPersonalLoan" time="0.004"/>
  <testcase classname="testNGExamples.TestingPersonalLoan" name="MobileNagivatetoDashboardPersonalLoan" time="0.002"/>
  <testcase classname="testNGExamples.TestingPersonalLoan" name="MobileNagivatetoDashboardPersonalLoan" time="0.003"/>
  <testcase classname="testNGExamples.TestingPersonalLoan" name="WebLoginPersonalLoan" time="0.003"/>
  <testcase classname="testNGExamples.TestingPersonalLoan" name="WebNagivatetoDashboardPersonalLoan" time="0.003"/>
</testsuite> <!-- Personal Test -->
