<?xml version="1.0" encoding="UTF-8"?>
<!-- Generated by org.testng.reporters.JUnitReportReporter -->
<testsuite hostname="MCKL-7604-T" failures="0" tests="6" name="testNGExamples.TestingPersonalLoan" time="0.027" errors="1" timestamp="2023-11-26T11:22:38 IST" skipped="0">
  <testcase classname="testNGExamples.TestingPersonalLoan" name="MobileLoginPersonalLoan" time="0.002">
    <error message="
Parameter &#039;url&#039; is required by @Test on method MobileLoginPersonalLoan but has not been marked @Optional or defined
in D:\java spring learning\RahulshettySelenium\testng.xml" type="org.testng.TestNGException">
      <![CDATA[org.testng.TestNGException: 
Parameter 'url' is required by @Test on method MobileLoginPersonalLoan but has not been marked @Optional or defined
in D:\java spring learning\RahulshettySelenium\testng.xml
at org.testng.internal.Parameters.createParams(Parameters.java:267)
at org.testng.internal.Parameters.createParametersForMethod(Parameters.java:355)
at org.testng.internal.Parameters.createParameters(Parameters.java:684)
at org.testng.internal.Parameters.handleParameters(Parameters.java:879)
at org.testng.internal.Parameters.handleParameters(Parameters.java:728)
at org.testng.internal.invokers.ParameterHandler.handleParameters(ParameterHandler.java:72)
at org.testng.internal.invokers.ParameterHandler.createParameters(ParameterHandler.java:51)
at org.testng.internal.invokers.TestInvoker$MethodInvocationAgent.invoke(TestInvoker.java:924)
at org.testng.internal.invokers.TestInvoker.invokeTestMethods(TestInvoker.java:194)
at org.testng.internal.invokers.TestMethodWorker.invokeTestMethods(TestMethodWorker.java:148)
at org.testng.internal.invokers.TestMethodWorker.run(TestMethodWorker.java:128)
at java.base/java.util.ArrayList.forEach(ArrayList.java:1511)
at org.testng.TestRunner.privateRun(TestRunner.java:829)
at org.testng.TestRunner.run(TestRunner.java:602)
at org.testng.SuiteRunner.runTest(SuiteRunner.java:437)
at org.testng.SuiteRunner$SuiteWorker.run(SuiteRunner.java:475)
at org.testng.internal.thread.ThreadUtil.lambda$execute$0(ThreadUtil.java:58)
at java.base/java.util.concurrent.FutureTask.run(FutureTask.java:264)
at java.base/java.util.concurrent.ThreadPoolExecutor.runWorker(ThreadPoolExecutor.java:1136)
at java.base/java.util.concurrent.ThreadPoolExecutor$Worker.run(ThreadPoolExecutor.java:635)
at java.base/java.lang.Thread.run(Thread.java:833)
]]>
    </error>
  </testcase> <!-- MobileLoginPersonalLoan -->
  <system-out/>
  <testcase classname="testNGExamples.TestingPersonalLoan" name="WebLoginPersonalLoan" time="0.006"/>
  <system-out/>
  <testcase classname="testNGExamples.TestingPersonalLoan" name="MobileNagivatetoDashboardPersonalLoan" time="0.006"/>
  <system-out/>
  <testcase classname="testNGExamples.TestingPersonalLoan" name="MobileNagivatetoDashboardPersonalLoan" time="0.005"/>
  <system-out/>
  <testcase classname="testNGExamples.TestingPersonalLoan" name="WebNagivatetoDashboardPersonalLoan" time="0.005"/>
  <system-out/>
  <testcase classname="testNGExamples.TestingPersonalLoan" name="MobileNagivatetoDashboardPersonalLoan" time="0.003"/>
  <system-out/>
</testsuite> <!-- testNGExamples.TestingPersonalLoan -->
